  GLtest.cpp
C:\Users\miles\OneDrive\Documents\_Visual Studio Projects\source\Generator\Generator\GLtest.cpp(24,13): warning C4244: 'initializing': conversion from 'int' to 'float', possible loss of data
C:\Users\miles\OneDrive\Documents\_Visual Studio Projects\source\Generator\Generator\GLtest.cpp(25,14): warning C4244: 'initializing': conversion from 'double' to 'float', possible loss of data
C:\Users\miles\OneDrive\Documents\_Visual Studio Projects\source\Generator\Generator\GLtest.cpp(31,39): warning C4244: 'argument': conversion from 'float' to 'GLint', possible loss of data
C:\Users\miles\OneDrive\Documents\_Visual Studio Projects\source\Generator\Generator\GLtest.cpp(31,26): warning C4244: 'argument': conversion from 'float' to 'GLint', possible loss of data
C:\Users\miles\OneDrive\Documents\_Visual Studio Projects\source\Generator\Generator\GLtest.cpp(32,39): warning C4244: 'argument': conversion from 'float' to 'GLint', possible loss of data
C:\Users\miles\OneDrive\Documents\_Visual Studio Projects\source\Generator\Generator\GLtest.cpp(32,26): warning C4244: 'argument': conversion from 'float' to 'GLint', possible loss of data
C:\Users\miles\OneDrive\Documents\_Visual Studio Projects\source\Generator\Generator\GLtest.cpp(33,39): warning C4244: 'argument': conversion from 'float' to 'GLint', possible loss of data
C:\Users\miles\OneDrive\Documents\_Visual Studio Projects\source\Generator\Generator\GLtest.cpp(33,26): warning C4244: 'argument': conversion from 'float' to 'GLint', possible loss of data
C:\Users\miles\OneDrive\Documents\_Visual Studio Projects\source\Generator\Generator\GLtest.cpp(34,39): warning C4244: 'argument': conversion from 'float' to 'GLint', possible loss of data
C:\Users\miles\OneDrive\Documents\_Visual Studio Projects\source\Generator\Generator\GLtest.cpp(34,26): warning C4244: 'argument': conversion from 'float' to 'GLint', possible loss of data
C:\Users\miles\OneDrive\Documents\_Visual Studio Projects\source\Generator\Generator\GLtest.cpp(52,14): warning C4244: 'initializing': conversion from 'double' to 'float', possible loss of data
C:\Users\miles\OneDrive\Documents\_Visual Studio Projects\source\Generator\Generator\GLtest.cpp(57,39): warning C4244: 'argument': conversion from 'float' to 'GLint', possible loss of data
C:\Users\miles\OneDrive\Documents\_Visual Studio Projects\source\Generator\Generator\GLtest.cpp(57,26): warning C4244: 'argument': conversion from 'float' to 'GLint', possible loss of data
C:\Users\miles\OneDrive\Documents\_Visual Studio Projects\source\Generator\Generator\GLtest.cpp(58,39): warning C4244: 'argument': conversion from 'float' to 'GLint', possible loss of data
C:\Users\miles\OneDrive\Documents\_Visual Studio Projects\source\Generator\Generator\GLtest.cpp(58,26): warning C4244: 'argument': conversion from 'float' to 'GLint', possible loss of data
C:\Users\miles\OneDrive\Documents\_Visual Studio Projects\source\Generator\Generator\GLtest.cpp(59,39): warning C4244: 'argument': conversion from 'float' to 'GLint', possible loss of data
C:\Users\miles\OneDrive\Documents\_Visual Studio Projects\source\Generator\Generator\GLtest.cpp(59,26): warning C4244: 'argument': conversion from 'float' to 'GLint', possible loss of data
C:\Users\miles\OneDrive\Documents\_Visual Studio Projects\source\Generator\Generator\GLtest.cpp(60,39): warning C4244: 'argument': conversion from 'float' to 'GLint', possible loss of data
C:\Users\miles\OneDrive\Documents\_Visual Studio Projects\source\Generator\Generator\GLtest.cpp(60,26): warning C4244: 'argument': conversion from 'float' to 'GLint', possible loss of data
  Generating code
  Previous IPDB not found, fall back to full compilation.
  All 7 functions were compiled because no usable IPDB/IOBJ from previous compilation was found.
  Finished generating code
  Generator.vcxproj -> C:\Users\miles\OneDrive\Documents\_Visual Studio Projects\source\Generator\Release\Generator.exe
